This is XeTeX, Version 3.1415926-2.5-0.9999.3 (MiKTeX 2.9) (preloaded format=xelatex 2015.1.27)  30 JAN 2015 16:27
entering extended mode
**cv_12.tex
(C:\Users\Stefano\Documents\GitHub\CurriculumSF\cv_12.tex
LaTeX2e <2011/06/27>
Babel <v3.8m> and hyphenation patterns for english, afrikaans, ancientgreek, arabic, armenian, assamese, basque, bengali
, bokmal, bulgarian, catalan, coptic, croatian, czech, danish, dutch, esperanto, estonian, farsi, finnish, french, galic
ian, german, german-x-2013-05-26, greek, gujarati, hindi, hungarian, icelandic, indonesian, interlingua, irish, italian,
 kannada, kurmanji, latin, latvian, lithuanian, malayalam, marathi, mongolian, mongolianlmc, monogreek, ngerman, ngerman
-x-2013-05-26, nynorsk, oriya, panjabi, pinyin, polish, portuguese, romanian, russian, sanskrit, serbian, slovak, sloven
ian, spanish, swedish, swissgerman, tamil, telugu, turkish, turkmen, ukenglish, ukrainian, uppersorbian, usenglishmax, w
elsh, loaded.
(C:\Users\Stefano\Documents\GitHub\CurriculumSF\deedy-resume.cls
Document Class: deedy-resume 2014/04/30 CV class
("C:\Program Files (x86)\MiKTeX 2.9\tex\latex\base\article.cls"
Document Class: article 2007/10/19 v1.4h Standard LaTeX document class
("C:\Program Files (x86)\MiKTeX 2.9\tex\latex\base\size10.clo"
File: size10.clo 2007/10/19 v1.4h Standard LaTeX file (size option)
)
\c@part=\count80
\c@section=\count81
\c@subsection=\count82
\c@subsubsection=\count83
\c@paragraph=\count84
\c@subparagraph=\count85
\c@figure=\count86
\c@table=\count87
\abovecaptionskip=\skip41
\belowcaptionskip=\skip42
\bibindent=\dimen102
)
("C:\Program Files (x86)\MiKTeX 2.9\tex\latex\geometry\geometry.sty"
Package: geometry 2010/09/12 v5.6 Page Geometry

("C:\Program Files (x86)\MiKTeX 2.9\tex\latex\graphics\keyval.sty"
Package: keyval 1999/03/16 v1.13 key=value parser (DPC)
\KV@toks@=\toks14
)
("C:\Program Files (x86)\MiKTeX 2.9\tex\generic\oberdiek\ifpdf.sty"
Package: ifpdf 2011/01/30 v2.3 Provides the ifpdf switch (HO)
Package ifpdf Info: pdfTeX in PDF mode is not detected.
)
("C:\Program Files (x86)\MiKTeX 2.9\tex\generic\oberdiek\ifvtex.sty"
Package: ifvtex 2010/03/01 v1.5 Detect VTeX and its facilities (HO)
Package ifvtex Info: VTeX not detected.
)
("C:\Program Files (x86)\MiKTeX 2.9\tex\generic\ifxetex\ifxetex.sty"
Package: ifxetex 2010/09/12 v0.6 Provides ifxetex conditional
)
\Gm@cnth=\count88
\Gm@cntv=\count89
\c@Gm@tempcnt=\count90
\Gm@bindingoffset=\dimen103
\Gm@wd@mp=\dimen104
\Gm@odd@mp=\dimen105
\Gm@even@mp=\dimen106
\Gm@layoutwidth=\dimen107
\Gm@layoutheight=\dimen108
\Gm@layouthoffset=\dimen109
\Gm@layoutvoffset=\dimen110
\Gm@dimlist=\toks15

("C:\Program Files (x86)\MiKTeX 2.9\tex\xelatex\xetexconfig\geometry.cfg"))
("C:\Program Files (x86)\MiKTeX 2.9\tex\latex\hyperref\hyperref.sty"
Package: hyperref 2012/11/06 v6.83m Hypertext links for LaTeX

("C:\Program Files (x86)\MiKTeX 2.9\tex\generic\oberdiek\hobsub-hyperref.sty"
Package: hobsub-hyperref 2012/04/25 v1.12 Bundle oberdiek, subset hyperref (HO)

("C:\Program Files (x86)\MiKTeX 2.9\tex\generic\oberdiek\hobsub-generic.sty"
Package: hobsub-generic 2012/04/25 v1.12 Bundle oberdiek, subset generic (HO)
Package: hobsub 2012/04/25 v1.12 Construct package bundles (HO)
Package: infwarerr 2010/04/08 v1.3 Providing info/warning/error messages (HO)
Package: ltxcmds 2011/11/09 v1.22 LaTeX kernel commands for general use (HO)
Package: ifluatex 2010/03/01 v1.3 Provides the ifluatex switch (HO)
Package ifluatex Info: LuaTeX not detected.
Package hobsub Info: Skipping package `ifvtex' (already loaded).
Package: intcalc 2007/09/27 v1.1 Expandable calculations with integers (HO)
Package hobsub Info: Skipping package `ifpdf' (already loaded).
Package: etexcmds 2011/02/16 v1.5 Avoid name clashes with e-TeX commands (HO)
Package etexcmds Info: Could not find \expanded.
(etexcmds)             That can mean that you are not using pdfTeX 1.50 or
(etexcmds)             that some package has redefined \expanded.
(etexcmds)             In the latter case, load this package earlier.
Package: kvsetkeys 2012/04/25 v1.16 Key value parser (HO)
Package: kvdefinekeys 2011/04/07 v1.3 Define keys (HO)
Package: pdftexcmds 2011/11/29 v0.20 Utility functions of pdfTeX for LuaTeX (HO)
Package pdftexcmds Info: LuaTeX not detected.
Package pdftexcmds Info: pdfTeX >= 1.30 not detected.
Package pdftexcmds Info: \pdf@primitive is available.
Package pdftexcmds Info: \pdf@ifprimitive is available.
Package pdftexcmds Info: \pdfdraftmode not found.
Package: pdfescape 2011/11/25 v1.13 Implements pdfTeX's escape features (HO)
Package: bigintcalc 2012/04/08 v1.3 Expandable calculations on big integers (HO)
Package: bitset 2011/01/30 v1.1 Handle bit-vector datatype (HO)
Package: uniquecounter 2011/01/30 v1.2 Provide unlimited unique counter (HO)
)
Package hobsub Info: Skipping package `hobsub' (already loaded).
Package: letltxmacro 2010/09/02 v1.4 Let assignment for LaTeX macros (HO)
Package: hopatch 2011/06/24 v1.1 Wrapper for package hooks (HO)
Package: xcolor-patch 2011/01/30 xcolor patch
Package: atveryend 2011/06/30 v1.8 Hooks at the very end of document (HO)
Package atveryend Info: \enddocument detected (standard20110627).
Package: atbegshi 2011/10/05 v1.16 At begin shipout hook (HO)
Package: refcount 2011/10/16 v3.4 Data extraction from label references (HO)
Package: hycolor 2011/01/30 v1.7 Color options for hyperref/bookmark (HO)
)
("C:\Program Files (x86)\MiKTeX 2.9\tex\latex\oberdiek\auxhook.sty"
Package: auxhook 2011/03/04 v1.3 Hooks for auxiliary files (HO)
)
("C:\Program Files (x86)\MiKTeX 2.9\tex\latex\oberdiek\kvoptions.sty"
Package: kvoptions 2011/06/30 v3.11 Key value format for package options (HO)
)
\@linkdim=\dimen111
\Hy@linkcounter=\count91
\Hy@pagecounter=\count92

("C:\Program Files (x86)\MiKTeX 2.9\tex\latex\hyperref\pd1enc.def"
File: pd1enc.def 2012/11/06 v6.83m Hyperref: PDFDocEncoding definition (HO)
)
\Hy@SavedSpaceFactor=\count93

("C:\Program Files (x86)\MiKTeX 2.9\tex\latex\00miktex\hyperref.cfg"
File: hyperref.cfg 2002/06/06 v1.2 hyperref configuration of TeXLive
)
Package hyperref Info: Hyper figures OFF on input line 4443.
Package hyperref Info: Link nesting OFF on input line 4448.
Package hyperref Info: Hyper index ON on input line 4451.
Package hyperref Info: Plain pages OFF on input line 4458.
Package hyperref Info: Backreferencing OFF on input line 4463.
Package hyperref Info: Implicit mode ON; LaTeX internals redefined.
Package hyperref Info: Bookmarks ON on input line 4688.
\c@Hy@tempcnt=\count94

(C:\Users\Stefano\AppData\Roaming\MiKTeX\2.9\tex\latex\url\url.sty
\Urlmuskip=\muskip10
Package: url 2013/09/16  ver 3.4  Verb mode for urls, etc.
)
LaTeX Info: Redefining \url on input line 5041.
\XeTeXLinkMargin=\dimen112
\Fld@menulength=\count95
\Field@Width=\dimen113
\Fld@charsize=\dimen114
Package hyperref Info: Hyper figures OFF on input line 6295.
Package hyperref Info: Link nesting OFF on input line 6300.
Package hyperref Info: Hyper index ON on input line 6303.
Package hyperref Info: backreferencing OFF on input line 6310.
Package hyperref Info: Link coloring OFF on input line 6315.
Package hyperref Info: Link coloring with OCG OFF on input line 6320.
Package hyperref Info: PDF/A mode OFF on input line 6325.
LaTeX Info: Redefining \ref on input line 6365.
LaTeX Info: Redefining \pageref on input line 6369.
\Hy@abspage=\count96
\c@Item=\count97
\c@Hfootnote=\count98
)

Package hyperref Message: Driver (autodetected): hxetex.

("C:\Program Files (x86)\MiKTeX 2.9\tex\latex\hyperref\hxetex.def"
File: hxetex.def 2012/11/06 v6.83m Hyperref driver for XeTeX

("C:\Program Files (x86)\MiKTeX 2.9\tex\latex\hyperref\puenc.def"
File: puenc.def 2012/11/06 v6.83m Hyperref: PDF Unicode definition (HO)
)
("C:\Program Files (x86)\MiKTeX 2.9\tex\generic\oberdiek\stringenc.sty"
Package: stringenc 2011/12/02 v1.10 Convert strings between diff. encodings (HO)
)
\pdfm@box=\box26
\c@Hy@AnnotLevel=\count99
\HyField@AnnotCount=\count100
\Fld@listcount=\count101
\c@bookmark@seq@number=\count102

("C:\Program Files (x86)\MiKTeX 2.9\tex\latex\oberdiek\rerunfilecheck.sty"
Package: rerunfilecheck 2011/04/15 v1.7 Rerun checks for auxiliary files (HO)
Package rerunfilecheck Info: Feature \pdfmdfivesum is not available
(rerunfilecheck)             (e.g. pdfTeX or LuaTeX with package `pdftexcmds').
(rerunfilecheck)             Therefore file contents cannot be checked efficiently
(rerunfilecheck)             and the loading of the package is aborted.
)
\Hy@SectionHShift=\skip43
)
(C:\Users\Stefano\AppData\Roaming\MiKTeX\2.9\tex\latex\xcolor\xcolor.sty
Package: xcolor 2007/01/21 v2.11 LaTeX color extensions (UK)

("C:\Program Files (x86)\MiKTeX 2.9\tex\latex\00miktex\color.cfg"
File: color.cfg 2007/01/18 v1.5 color configuration of teTeX/TeXLive
)
Package xcolor Info: Package option `usenames' ignored on input line 216.
Package xcolor Info: Driver file: xetex.def on input line 225.

(C:\Users\Stefano\AppData\Roaming\MiKTeX\2.9\tex\xelatex\xetex-def\xetex.def
File: xetex.def 2014/07/25 v4.03 LaTeX color/graphics driver for XeTeX (RRM/JK)
)
Package xcolor Info: Model `cmy' substituted by `cmy0' on input line 1337.
Package xcolor Info: Model `RGB' extended on input line 1353.
Package xcolor Info: Model `HTML' substituted by `rgb' on input line 1355.
Package xcolor Info: Model `Hsb' substituted by `hsb' on input line 1356.
Package xcolor Info: Model `tHsb' substituted by `hsb' on input line 1357.
Package xcolor Info: Model `HSB' substituted by `hsb' on input line 1358.
Package xcolor Info: Model `Gray' substituted by `gray' on input line 1359.
Package xcolor Info: Model `wave' substituted by `hsb' on input line 1360.

("C:\Program Files (x86)\MiKTeX 2.9\tex\latex\graphics\dvipsnam.def"
File: dvipsnam.def 1999/02/16 v3.0i Driver-dependant file (DPC,SPQR)
))
("C:\Program Files (x86)\MiKTeX 2.9\tex\latex\fontspec\fontspec.sty"
Package: fontspec 2013/05/20 v2.3c Font selection for XeLaTeX and LuaLaTeX

(C:\Users\Stefano\AppData\Roaming\MiKTeX\2.9\tex\latex\l3kernel\expl3.sty
Package: expl3 2014/11/25 v5471 L3 programming layer (loader) 

(C:\Users\Stefano\AppData\Roaming\MiKTeX\2.9\tex\latex\l3kernel\expl3-code.tex
Package: expl3 2014/11/25 v5471 L3 programming layer (code) 
L3 Module: l3bootstrap 2014/08/23 v5354 L3 Bootstrap code

("C:\Program Files (x86)\MiKTeX 2.9\tex\latex\misc\etex.sty"
Package: etex 1998/03/26 v2.0 eTeX basic definition package (PEB)
\et@xins=\count103
)
L3 Module: l3names 2014/08/22 v5343 L3 Namespace for primitives
L3 Module: l3basics 2014/08/24 v5364 L3 Basic definitions
L3 Module: l3expan 2014/08/22 v5349 L3 Argument expansion
L3 Module: l3tl 2014/11/19 v5460 L3 Token lists
L3 Module: l3str 2014/08/24 v5368 L3 Strings
L3 Module: l3seq 2014/08/23 v5354 L3 Sequences and stacks
L3 Module: l3int 2014/09/14 v5421 L3 Integers
\c_max_int=\count104
\l_tmpa_int=\count105
\l_tmpb_int=\count106
\g_tmpa_int=\count107
\g_tmpb_int=\count108
L3 Module: l3quark 2014/08/23 v5354 L3 Quarks
L3 Module: l3prg 2014/08/23 v5354 L3 Control structures
\g__prg_map_int=\count109
L3 Module: l3clist 2014/08/23 v5354 L3 Comma separated lists
L3 Module: l3token 2014/09/15 v5422 L3 Experimental token manipulation
L3 Module: l3prop 2014/08/23 v5354 L3 Property lists
L3 Module: l3msg 2014/08/24 v5358 L3 Messages
L3 Module: l3file 2014/08/24 v5369 L3 File and I/O operations
\l_iow_line_count_int=\count110
\l__iow_target_count_int=\count111
\l__iow_current_line_int=\count112
\l__iow_current_word_int=\count113
\l__iow_current_indentation_int=\count114
L3 Module: l3skip 2014/08/23 v5354 L3 Dimensions and skips
\c_zero_dim=\dimen115
\c_max_dim=\dimen116
\l_tmpa_dim=\dimen117
\l_tmpb_dim=\dimen118
\g_tmpa_dim=\dimen119
\g_tmpb_dim=\dimen120
\c_zero_skip=\skip44
\c_max_skip=\skip45
\l_tmpa_skip=\skip46
\l_tmpb_skip=\skip47
\g_tmpa_skip=\skip48
\g_tmpb_skip=\skip49
\c_zero_muskip=\muskip11
\c_max_muskip=\muskip12
\l_tmpa_muskip=\muskip13
\l_tmpb_muskip=\muskip14
\g_tmpa_muskip=\muskip15
\g_tmpb_muskip=\muskip16
L3 Module: l3keys 2014/08/23 v5354 L3 Key-value interfaces
\g__keyval_level_int=\count115
\l_keys_choice_int=\count116
L3 Module: l3fp 2014/08/22 v5336 L3 Floating points
\c__fp_leading_shift_int=\count117
\c__fp_middle_shift_int=\count118
\c__fp_trailing_shift_int=\count119
\c__fp_big_leading_shift_int=\count120
\c__fp_big_middle_shift_int=\count121
\c__fp_big_trailing_shift_int=\count122
\c__fp_Bigg_leading_shift_int=\count123
\c__fp_Bigg_middle_shift_int=\count124
\c__fp_Bigg_trailing_shift_int=\count125
L3 Module: l3box 2014/08/23 v5354 L3 Experimental boxes
\c_empty_box=\box27
\l_tmpa_box=\box28
\l_tmpb_box=\box29
\g_tmpa_box=\box30
\g_tmpb_box=\box31
L3 Module: l3coffins 2014/08/23 v5354 L3 Coffin code layer
\l__coffin_internal_box=\box32
\l__coffin_internal_dim=\dimen121
\l__coffin_offset_x_dim=\dimen122
\l__coffin_offset_y_dim=\dimen123
\l__coffin_x_dim=\dimen124
\l__coffin_y_dim=\dimen125
\l__coffin_x_prime_dim=\dimen126
\l__coffin_y_prime_dim=\dimen127
\c_empty_coffin=\box33
\l__coffin_aligned_coffin=\box34
\l__coffin_aligned_internal_coffin=\box35
\l_tmpa_coffin=\box36
\l_tmpb_coffin=\box37
\l__coffin_display_coffin=\box38
\l__coffin_display_coord_coffin=\box39
\l__coffin_display_pole_coffin=\box40
\l__coffin_display_offset_dim=\dimen128
\l__coffin_display_x_dim=\dimen129
\l__coffin_display_y_dim=\dimen130
L3 Module: l3color 2014/08/23 v5354 L3 Experimental color support
L3 Module: l3candidates 2014/11/23 v5466 L3 Experimental additions to l3kernel
\l__box_top_dim=\dimen131
\l__box_bottom_dim=\dimen132
\l__box_left_dim=\dimen133
\l__box_right_dim=\dimen134
\l__box_top_new_dim=\dimen135
\l__box_bottom_new_dim=\dimen136
\l__box_left_new_dim=\dimen137
\l__box_right_new_dim=\dimen138
\l__box_internal_box=\box41
\l__coffin_bounding_shift_dim=\dimen139
\l__coffin_left_corner_dim=\dimen140
\l__coffin_right_corner_dim=\dimen141
\l__coffin_bottom_corner_dim=\dimen142
\l__coffin_top_corner_dim=\dimen143
\l__coffin_scaled_total_height_dim=\dimen144
\l__coffin_scaled_width_dim=\dimen145
)
(C:\Users\Stefano\AppData\Roaming\MiKTeX\2.9\tex\latex\l3kernel\l3unicode-data.def
File: l3unicode-data.def 2014/11/23 v5465 L3 Unicode data
)
(C:\Users\Stefano\AppData\Roaming\MiKTeX\2.9\tex\latex\l3kernel\l3xdvipdfmx.def
File: l3xdvidpfmx.def 2014/11/23 v5466 L3 Experimental driver: xdvipdfmx
))
(C:\Users\Stefano\AppData\Roaming\MiKTeX\2.9\tex\latex\l3packages\xparse\xparse.sty
Package: xparse 2014/11/25 v5471 L3 Experimental document command parser
\l__xparse_current_arg_int=\count126
\l__xparse_m_args_int=\count127
\l__xparse_mandatory_args_int=\count128
\l__xparse_processor_int=\count129
\l__xparse_v_nesting_int=\count130
)
\l_fontspec_script_int=\count131
\l_fontspec_language_int=\count132
\l_fontspec_strnum_int=\count133
\l_fontspec_tmpa_dim=\dimen146
\l_fontspec_tmpb_dim=\dimen147
\l_fontspec_tmpc_dim=\dimen148
Variant \tl_gset:cV already defined; not changing it on line 69

("C:\Program Files (x86)\MiKTeX 2.9\tex\latex\fontspec\fontspec-patches.sty"
Package: fontspec-patches 2013/05/20 v2.3c Font selection for XeLaTeX and LuaLaTeX

("C:\Program Files (x86)\MiKTeX 2.9\tex\latex\base\fixltx2e.sty"
Package: fixltx2e 2006/09/13 v1.1m fixes to LaTeX
LaTeX Info: Redefining \em on input line 420.
)
LaTeX Info: Redefining \em on input line 22.
LaTeX Info: Redefining \emph on input line 30.
LaTeX Info: Redefining \- on input line 33.
.................................................
. LaTeX info: "xparse/redefine-command"
. 
. Redefining command \oldstylenums with sig. 'm' on line 128.
.................................................
.................................................
. LaTeX info: "xparse/define-command"
. 
. Defining command \liningnums with sig. 'm' on line 132.
.................................................
)
("C:\Program Files (x86)\MiKTeX 2.9\tex\latex\fontspec\fontspec-xetex.sty"
Package: fontspec-xetex 2013/05/20 v2.3c Font selection for XeLaTeX and LuaLaTeX

("C:\Program Files (x86)\MiKTeX 2.9\tex\latex\base\fontenc.sty"
Package: fontenc 2005/09/27 v1.99g Standard LaTeX package

("C:\Program Files (x86)\MiKTeX 2.9\tex\latex\euenc\eu1enc.def"
File: eu1enc.def 2010/05/27 v0.1h Experimental Unicode font encodings
)
LaTeX Font Info:    Try loading font information for EU1+lmr on input line 100.

("C:\Program Files (x86)\MiKTeX 2.9\tex\latex\euenc\eu1lmr.fd"
File: eu1lmr.fd 2009/10/30 v1.6 Font defs for Latin Modern
))
("C:\Program Files (x86)\MiKTeX 2.9\tex\xelatex\xunicode\xunicode.sty"
File: xunicode.sty 2011/09/09 v0.981 provides access to latin accents and many other characters in Unicode lower plane

(C:\Users\Stefano\AppData\Roaming\MiKTeX\2.9\tex\latex\tipa\t3enc.def
File: t3enc.def 2001/12/31 T3 encoding
LaTeX Font Info:    Try loading font information for EU1+lmss on input line 357.

("C:\Program Files (x86)\MiKTeX 2.9\tex\latex\euenc\eu1lmss.fd"
File: eu1lmss.fd 2009/10/30 v1.6 Font defs for Latin Modern
))
\tipaTiiicode=\count134
\tipasavetokens=\toks16
\tipachecktokens=\toks17

("C:\Program Files (x86)\MiKTeX 2.9\tex\latex\graphics\graphicx.sty"
Package: graphicx 1999/02/16 v1.0f Enhanced LaTeX Graphics (DPC,SPQR)

("C:\Program Files (x86)\MiKTeX 2.9\tex\latex\graphics\graphics.sty"
Package: graphics 2009/02/05 v1.0o Standard LaTeX Graphics (DPC,SPQR)

("C:\Program Files (x86)\MiKTeX 2.9\tex\latex\graphics\trig.sty"
Package: trig 1999/03/16 v1.09 sin cos tan (DPC)
)
("C:\Program Files (x86)\MiKTeX 2.9\tex\latex\00miktex\graphics.cfg"
File: graphics.cfg 2007/01/18 v1.5 graphics configuration of teTeX/TeXLive
)
Package graphics Info: Driver file: xetex.def on input line 91.
)
\Gin@req@height=\dimen149
\Gin@req@width=\dimen150
))
.................................................
. LaTeX info: "xparse/define-command"
. 
. Defining command \fontspec with sig. 'O{}m' on line 41.
.................................................
.................................................
. LaTeX info: "xparse/define-command"
. 
. Defining command \setmainfont with sig. 'O{}m' on line 46.
.................................................
.................................................
. LaTeX info: "xparse/define-command"
. 
. Defining command \setsansfont with sig. 'O{}m' on line 51.
.................................................
.................................................
. LaTeX info: "xparse/define-command"
. 
. Defining command \setmonofont with sig. 'O{}m' on line 56.
.................................................
.................................................
. LaTeX info: "xparse/define-command"
. 
. Defining command \setmathrm with sig. 'O{}m' on line 65.
.................................................
.................................................
. LaTeX info: "xparse/define-command"
. 
. Defining command \setboldmathrm with sig. 'O{}m' on line 69.
.................................................
.................................................
. LaTeX info: "xparse/define-command"
. 
. Defining command \setmathsf with sig. 'O{}m' on line 73.
.................................................
.................................................
. LaTeX info: "xparse/define-command"
. 
. Defining command \setmathtt with sig. 'O{}m' on line 77.
.................................................
.................................................
. LaTeX info: "xparse/define-command"
. 
. Defining command \newfontfamily with sig. 'mO{}m' on line 96.
.................................................
.................................................
. LaTeX info: "xparse/define-command"
. 
. Defining command \newfontface with sig. 'mO{}m' on line 100.
.................................................
.................................................
. LaTeX info: "xparse/define-command"
. 
. Defining command \defaultfontfeatures with sig. 'om' on line 108.
.................................................
.................................................
. LaTeX info: "xparse/define-command"
. 
. Defining command \addfontfeatures with sig. 'm' on line 144.
.................................................
.................................................
. LaTeX info: "xparse/define-command"
. 
. Defining command \newfontfeature with sig. 'mm' on line 156.
.................................................
.................................................
. LaTeX info: "xparse/define-command"
. 
. Defining command \newAATfeature with sig. 'mmmm' on line 164.
.................................................
.................................................
. LaTeX info: "xparse/define-command"
. 
. Defining command \newICUfeature with sig. 'mmm' on line 172.
.................................................
.................................................
. LaTeX info: "xparse/define-command"
. 
. Defining command \aliasfontfeature with sig. 'mm' on line 201.
.................................................
.................................................
. LaTeX info: "xparse/define-command"
. 
. Defining command \aliasfontfeatureoption with sig. 'mmm' on line 203.
.................................................
.................................................
. LaTeX info: "xparse/define-command"
. 
. Defining command \newfontscript with sig. 'mm' on line 208.
.................................................
.................................................
. LaTeX info: "xparse/define-command"
. 
. Defining command \newfontlanguage with sig. 'mm' on line 235.
.................................................
.................................................
. LaTeX info: "xparse/define-command"
. 
. Defining command \DeclareFontsExtensions with sig. 'm' on line 256.
.................................................
Variant \prop_gput:cnV already defined; not changing it on line 582
Variant \prop_gput:cnx already defined; not changing it on line 583
\l_fontspec_tmp_int=\count135
LaTeX Info: Redefining \itshape on input line 2087.
LaTeX Info: Redefining \slshape on input line 2092.
LaTeX Info: Redefining \scshape on input line 2097.
LaTeX Info: Redefining \upshape on input line 2102.

("C:\Program Files (x86)\MiKTeX 2.9\tex\latex\fontspec\fontspec.cfg")))
\g__file_internal_ior=\read1
\g_fontspec_family_Lato-Lig_int=\count136
.................................................
. fontspec info: "defining-font"
. 
. Font family 'Lato-Lig(0)' created for font 'Lato-Lig' with options
. [Color=primary, Path =
. fonts/lato/,BoldItalicFont=Lato-RegIta,BoldFont=Lato-Reg,ItalicFont=Lato-LigIta].
. 
. This font family consists of the following shapes:
. 
. * 'normal' with NFSS spec.:
. <->"[fonts/lato/Lato-Lig]/ICU:script=latn;language=DFLT;color=2B2B2BFF ;"
. 
. * 'bold' with NFSS spec.:
. <->"[fonts/lato/Lato-Reg]/ICU:script=latn;language=DFLT;color=2B2B2BFF ;"
. 
. * 'italic' with NFSS spec.:
. <->"[fonts/lato/Lato-LigIta]/ICU:script=latn;language=DFLT;color=2B2B2BFF ;"
. 
. * 'bold italic' with NFSS spec.:
. <->"[fonts/lato/Lato-RegIta]/ICU:script=latn;language=DFLT;color=2B2B2BFF ;"
.................................................

! Undefined control sequence.
\fontspec_calc_scale:n ...ec_tmpb_dim }\fp_div:Nn 
                                                  \l_fontspec_tmpa_fp {\l_fo...
l.33 ...Path = fonts/raleway/]{Raleway-ExtraLight}
                                                   % The font used where \sf...
The control sequence at the end of the top line
of your error message was never \def'ed. If you have
misspelled it (e.g., `\hobx'), type `I' and the correct
spelling (e.g., `I\hbox'). Otherwise just continue,
and I'll forget about whatever was undefined.


!!!!!!!!!!!!!!!!!!!!!!!!!!!!!!!!!!!!!!!!!!!!!!!!
!
! LaTeX error: "kernel/misused-fp"
! 
! A floating point with value '4.975006103515625' was misused.
! 
! See the LaTeX3 documentation for further information.
! 
! For immediate help type H <return>.
!...............................................  
                                                  
l.33 ...Path = fonts/raleway/]{Raleway-ExtraLight}
                                                   % The font used where \sf...
|'''''''''''''''''''''''''''''''''''''''''''''''
| To obtain the value of a floating point variable, use '\fp_to_decimal:N',
| '\fp_to_scientific:N', or other conversion functions.
|...............................................


!!!!!!!!!!!!!!!!!!!!!!!!!!!!!!!!!!!!!!!!!!!!!!!!
!
! LaTeX error: "kernel/misused-fp"
! 
! A floating point with value '5.199996948242188' was misused.
! 
! See the LaTeX3 documentation for further information.
! 
! For immediate help type H <return>.
!...............................................  
                                                  
l.33 ...Path = fonts/raleway/]{Raleway-ExtraLight}
                                                   % The font used where \sf...
|'''''''''''''''''''''''''''''''''''''''''''''''
| To obtain the value of a floating point variable, use '\fp_to_decimal:N',
| '\fp_to_scientific:N', or other conversion functions.
|...............................................

.................................................
. fontspec info: "set-scale"
. 
. Raleway-ExtraLight scale = 4.975006103515625.
.................................................
\g_fontspec_family_Raleway-ExtraLight_int=\count137
! Undefined control sequence.
\fontspec_calc_scale:n ...ec_tmpb_dim }\fp_div:Nn 
                                                  \l_fontspec_tmpa_fp {\l_fo...
l.33 ...Path = fonts/raleway/]{Raleway-ExtraLight}
                                                   % The font used where \sf...
The control sequence at the end of the top line
of your error message was never \def'ed. If you have
misspelled it (e.g., `\hobx'), type `I' and the correct
spelling (e.g., `I\hbox'). Otherwise just continue,
and I'll forget about whatever was undefined.


!!!!!!!!!!!!!!!!!!!!!!!!!!!!!!!!!!!!!!!!!!!!!!!!
!
! LaTeX error: "kernel/misused-fp"
! 
! A floating point with value '4.975006103515625' was misused.
! 
! See the LaTeX3 documentation for further information.
! 
! For immediate help type H <return>.
!...............................................  
                                                  
l.33 ...Path = fonts/raleway/]{Raleway-ExtraLight}
                                                   % The font used where \sf...
|'''''''''''''''''''''''''''''''''''''''''''''''
| To obtain the value of a floating point variable, use '\fp_to_decimal:N',
| '\fp_to_scientific:N', or other conversion functions.
|...............................................


!!!!!!!!!!!!!!!!!!!!!!!!!!!!!!!!!!!!!!!!!!!!!!!!
!
! LaTeX error: "kernel/misused-fp"
! 
! A floating point with value '5.199996948242188' was misused.
! 
! See the LaTeX3 documentation for further information.
! 
! For immediate help type H <return>.
!...............................................  
                                                  
l.33 ...Path = fonts/raleway/]{Raleway-ExtraLight}
                                                   % The font used where \sf...
|'''''''''''''''''''''''''''''''''''''''''''''''
| To obtain the value of a floating point variable, use '\fp_to_decimal:N',
| '\fp_to_scientific:N', or other conversion functions.
|...............................................

.................................................
. fontspec info: "set-scale"
. 
. Raleway-ExtraLight scale = 4.975006103515625.
.................................................
! Undefined control sequence.
\fontspec_calc_scale:n ...ec_tmpb_dim }\fp_div:Nn 
                                                  \l_fontspec_tmpa_fp {\l_fo...
l.33 ...Path = fonts/raleway/]{Raleway-ExtraLight}
                                                   % The font used where \sf...
The control sequence at the end of the top line
of your error message was never \def'ed. If you have
misspelled it (e.g., `\hobx'), type `I' and the correct
spelling (e.g., `I\hbox'). Otherwise just continue,
and I'll forget about whatever was undefined.


!!!!!!!!!!!!!!!!!!!!!!!!!!!!!!!!!!!!!!!!!!!!!!!!
!
! LaTeX error: "kernel/misused-fp"
! 
! A floating point with value '4.975006103515625' was misused.
! 
! See the LaTeX3 documentation for further information.
! 
! For immediate help type H <return>.
!...............................................  
                                                  
l.33 ...Path = fonts/raleway/]{Raleway-ExtraLight}
                                                   % The font used where \sf...
|'''''''''''''''''''''''''''''''''''''''''''''''
| To obtain the value of a floating point variable, use '\fp_to_decimal:N',
| '\fp_to_scientific:N', or other conversion functions.
|...............................................


!!!!!!!!!!!!!!!!!!!!!!!!!!!!!!!!!!!!!!!!!!!!!!!!
!
! LaTeX error: "kernel/misused-fp"
! 
! A floating point with value '5.199996948242188' was misused.
! 
! See the LaTeX3 documentation for further information.
! 
! For immediate help type H <return>.
!...............................................  
                                                  
l.33 ...Path = fonts/raleway/]{Raleway-ExtraLight}
                                                   % The font used where \sf...
|'''''''''''''''''''''''''''''''''''''''''''''''
| To obtain the value of a floating point variable, use '\fp_to_decimal:N',
| '\fp_to_scientific:N', or other conversion functions.
|...............................................

.................................................
. fontspec info: "set-scale"
. 
. Raleway-ExtraLight scale = 4.975006103515625.
.................................................
.................................................
. fontspec info: "defining-font"
. 
. Font family 'Raleway-ExtraLight(0)' created for font 'Raleway-ExtraLight'
. with options [Scale=MatchLowercase,Mapping=tex-text, Path = fonts/raleway/].
. 
. This font family consists of the following shapes:
. 
. * 'normal' with NFSS spec.:
. 
. <->s*[4.975006103515625]"[fonts/raleway/Raleway-ExtraLight]/ICU:script=latn;language=DFLT;mapping=tex-text;"
. 
. * 'small caps' with NFSS spec.:
. 
. <->s*[4.975006103515625]"[fonts/raleway/Raleway-ExtraLight]/ICU:script=latn;language=DFLT;mapping=tex-text;+smcp;"
.................................................
(C:\Users\Stefano\AppData\Roaming\MiKTeX\2.9\tex\latex\textpos\textpos.sty
Package: textpos 2014/01/03 v1.7j

Package: textpos 2014/01/03 1.7j, absolute positioning of text on the page
(C:\Users\Stefano\AppData\Roaming\MiKTeX\2.9\tex\latex\ms\everyshi.sty
Package: everyshi 2001/05/15 v3.00 EveryShipout Package (MS)
)
\TP@textbox=\box42
\TP@holdbox=\box43
\TPHorizModule=\dimen151
\TPVertModule=\dimen152
\TP@margin=\dimen153
\TP@absmargin=\dimen154

Grid set 16 x 16 = 37.34424pt x 52.81541pt
\TPboxrulesize=\dimen155
\TP@ox=\dimen156
\TP@oy=\dimen157
\TP@tbargs=\toks18
\TP@prevdepth=\dimen158
TextBlockOrigin set to 0pt x 0pt
) (C:\Users\Stefano\AppData\Roaming\MiKTeX\2.9\tex\latex\isodate\isodate.sty
Package: isodate 2010/01/03 v2.30 Print dates with different formats (HH)

("C:\Program Files (x86)\MiKTeX 2.9\tex\latex\base\ifthen.sty"
Package: ifthen 2001/05/26 v1.1c Standard LaTeX ifthen package (DPC)
)
(C:\Users\Stefano\AppData\Roaming\MiKTeX\2.9\tex\latex\substr\substr.sty
Package: substr 2009/10/20 v1.2 Handle substrings
\c@su@anzahl=\count138
)
(C:\Users\Stefano\AppData\Roaming\MiKTeX\2.9\tex\latex\isodate\english.idf
File: english.idf 2010/01/03 v2.30 Language definitions for isodate package (HH)

Define commands for English date format
)
\c@iso@tmpmonth=\count139
\c@iso@yeartwo=\count140
\c@iso@slash=\count141
\c@iso@minus=\count142
\c@iso@dot=\count143
\c@iso@@slash=\count144
\c@iso@@minus=\count145
\c@iso@@dot=\count146
) (C:\Users\Stefano\AppData\Roaming\MiKTeX\2.9\tex\latex\titlesec\titlesec.sty
Package: titlesec 2011/12/15 v2.10.0 Sectioning titles
\ttl@box=\box44
\beforetitleunit=\skip50
\aftertitleunit=\skip51
\ttl@plus=\dimen159
\ttl@minus=\dimen160
\ttl@toksa=\toks19
\titlewidth=\dimen161
\titlewidthlast=\dimen162
\titlewidthfirst=\dimen163
))
(C:\Users\Stefano\Documents\GitHub\CurriculumSF\cv_12.aux)
LaTeX Font Info:    Checking defaults for OML/cmm/m/it on input line 3.
LaTeX Font Info:    ... okay on input line 3.
LaTeX Font Info:    Checking defaults for T1/cmr/m/n on input line 3.
LaTeX Font Info:    ... okay on input line 3.
LaTeX Font Info:    Checking defaults for OT1/cmr/m/n on input line 3.
LaTeX Font Info:    ... okay on input line 3.
LaTeX Font Info:    Checking defaults for OMS/cmsy/m/n on input line 3.
LaTeX Font Info:    ... okay on input line 3.
LaTeX Font Info:    Checking defaults for OMX/cmex/m/n on input line 3.
LaTeX Font Info:    ... okay on input line 3.
LaTeX Font Info:    Checking defaults for U/cmr/m/n on input line 3.
LaTeX Font Info:    ... okay on input line 3.
LaTeX Font Info:    Checking defaults for PD1/pdf/m/n on input line 3.
LaTeX Font Info:    ... okay on input line 3.
LaTeX Font Info:    Checking defaults for PU/pdf/m/n on input line 3.
LaTeX Font Info:    ... okay on input line 3.
LaTeX Font Info:    Checking defaults for EU1/lmr/m/n on input line 3.
LaTeX Font Info:    ... okay on input line 3.
LaTeX Font Info:    Checking defaults for T3/cmr/m/n on input line 3.
LaTeX Font Info:    Try loading font information for T3+cmr on input line 3.

(C:\Users\Stefano\AppData\Roaming\MiKTeX\2.9\tex\latex\tipa\t3cmr.fd
File: t3cmr.fd 2001/12/31 TIPA font definitions
)
LaTeX Font Info:    ... okay on input line 3.

*geometry* detected driver: pdftex
*geometry* verbose mode - [ preamble ] result:
* driver: pdftex
* paper: a4paper
* layout: <same size as paper>
* layoutoffset:(h,v)=(0.0pt,0.0pt)
* modes: 
* h-part:(L,W,R)=(35.56593pt, 526.376pt, 35.56593pt)
* v-part:(T,H,B)=(21.33955pt, 802.36774pt, 21.33955pt)
* \paperwidth=597.50787pt
* \paperheight=845.04684pt
* \textwidth=526.376pt
* \textheight=802.36774pt
* \oddsidemargin=-36.70406pt
* \evensidemargin=-36.70406pt
* \topmargin=-87.93044pt
* \headheight=12.0pt
* \headsep=25.0pt
* \topskip=10.0pt
* \footskip=30.0pt
* \marginparwidth=57.0pt
* \marginparsep=11.0pt
* \columnsep=10.0pt
* \skip\footins=9.0pt plus 4.0pt minus 2.0pt
* \hoffset=0.0pt
* \voffset=0.0pt
* \mag=1000
* \@twocolumnfalse
* \@twosidefalse
* \@mparswitchfalse
* \@reversemarginfalse
* (1in=72.27pt=25.4mm, 1cm=28.453pt)

\AtBeginShipoutBox=\box45
Package hyperref Info: Link coloring OFF on input line 3.
("C:\Program Files (x86)\MiKTeX 2.9\tex\latex\hyperref\nameref.sty"
Package: nameref 2012/10/27 v2.43 Cross-referencing by name of section

("C:\Program Files (x86)\MiKTeX 2.9\tex\generic\oberdiek\gettitlestring.sty"
Package: gettitlestring 2010/12/03 v1.4 Cleanup title references (HO)
)
\c@section@level=\count147
)
LaTeX Info: Redefining \ref on input line 3.
LaTeX Info: Redefining \pageref on input line 3.
LaTeX Info: Redefining \nameref on input line 3.

(C:\Users\Stefano\Documents\GitHub\CurriculumSF\cv_12.out) (C:\Users\Stefano\Documents\GitHub\CurriculumSF\cv_12.out)
\@outlinefile=\write3
.................................................
. fontspec info: "setup-math"
. 
. Adjusting the maths setup (use [no-math] to avoid this).
.................................................
\symlegacymaths=\mathgroup4
LaTeX Font Info:    Overwriting symbol font `legacymaths' in version `bold'
(Font)                  OT1/cmr/m/n --> OT1/cmr/bx/n on input line 3.
LaTeX Font Info:    Redeclaring math accent \acute on input line 3.
LaTeX Font Info:    Redeclaring math accent \grave on input line 3.
LaTeX Font Info:    Redeclaring math accent \ddot on input line 3.
LaTeX Font Info:    Redeclaring math accent \tilde on input line 3.
LaTeX Font Info:    Redeclaring math accent \bar on input line 3.
LaTeX Font Info:    Redeclaring math accent \breve on input line 3.
LaTeX Font Info:    Redeclaring math accent \check on input line 3.
LaTeX Font Info:    Redeclaring math accent \hat on input line 3.
LaTeX Font Info:    Redeclaring math accent \dot on input line 3.
LaTeX Font Info:    Redeclaring math accent \mathring on input line 3.
LaTeX Font Info:    Redeclaring math symbol \colon on input line 3.
LaTeX Font Info:    Redeclaring math symbol \Gamma on input line 3.
LaTeX Font Info:    Redeclaring math symbol \Delta on input line 3.
LaTeX Font Info:    Redeclaring math symbol \Theta on input line 3.
LaTeX Font Info:    Redeclaring math symbol \Lambda on input line 3.
LaTeX Font Info:    Redeclaring math symbol \Xi on input line 3.
LaTeX Font Info:    Redeclaring math symbol \Pi on input line 3.
LaTeX Font Info:    Redeclaring math symbol \Sigma on input line 3.
LaTeX Font Info:    Redeclaring math symbol \Upsilon on input line 3.
LaTeX Font Info:    Redeclaring math symbol \Phi on input line 3.
LaTeX Font Info:    Redeclaring math symbol \Psi on input line 3.
LaTeX Font Info:    Redeclaring math symbol \Omega on input line 3.
LaTeX Font Info:    Redeclaring math symbol \mathdollar on input line 3.
LaTeX Font Info:    Redeclaring symbol font `operators' on input line 3.
LaTeX Font Info:    Encoding `OT1' has changed to `EU1' for symbol font
(Font)              `operators' in the math version `normal' on input line 3.
LaTeX Font Info:    Overwriting symbol font `operators' in version `normal'
(Font)                  OT1/cmr/m/n --> EU1/Lato-Lig(0)/m/n on input line 3.
LaTeX Font Info:    Encoding `OT1' has changed to `EU1' for symbol font
(Font)              `operators' in the math version `bold' on input line 3.
LaTeX Font Info:    Overwriting symbol font `operators' in version `bold'
(Font)                  OT1/cmr/bx/n --> EU1/Lato-Lig(0)/m/n on input line 3.
LaTeX Font Info:    Overwriting symbol font `operators' in version `normal'
(Font)                  EU1/Lato-Lig(0)/m/n --> EU1/Lato-Lig(0)/m/n on input line 3.
LaTeX Font Info:    Overwriting math alphabet `\mathrm' in version `normal'
(Font)                  EU1/Lato-Lig(0)/m/n --> EU1/Lato-Lig(0)/m/n on input line 3.
LaTeX Font Info:    Overwriting math alphabet `\mathit' in version `normal'
(Font)                  OT1/cmr/m/it --> EU1/Lato-Lig(0)/m/it on input line 3.
LaTeX Font Info:    Overwriting math alphabet `\mathbf' in version `normal'
(Font)                  OT1/cmr/bx/n --> EU1/Lato-Lig(0)/bx/n on input line 3.
LaTeX Font Info:    Overwriting math alphabet `\mathsf' in version `normal'
(Font)                  OT1/cmss/m/n --> EU1/Raleway-ExtraLight(0)/m/n on input line 3.
LaTeX Font Info:    Overwriting math alphabet `\mathtt' in version `normal'
(Font)                  OT1/cmtt/m/n --> EU1/lmtt/m/n on input line 3.
LaTeX Font Info:    Overwriting symbol font `operators' in version `bold'
(Font)                  EU1/Lato-Lig(0)/m/n --> EU1/Lato-Lig(0)/bx/n on input line 3.
LaTeX Font Info:    Overwriting math alphabet `\mathrm' in version `bold'
(Font)                  EU1/Lato-Lig(0)/m/n --> EU1/Lato-Lig(0)/bx/n on input line 3.
LaTeX Font Info:    Overwriting math alphabet `\mathit' in version `bold'
(Font)                  OT1/cmr/bx/it --> EU1/Lato-Lig(0)/bx/it on input line 3.
LaTeX Font Info:    Overwriting math alphabet `\mathsf' in version `bold'
(Font)                  OT1/cmss/bx/n --> EU1/Raleway-ExtraLight(0)/bx/n on input line 3.
LaTeX Font Info:    Overwriting math alphabet `\mathtt' in version `bold'
(Font)                  OT1/cmtt/m/n --> EU1/lmtt/bx/n on input line 3.

ABD: EveryShipout initializing macros
isodate: babel.sty, (n)german.sty have not been loaded
.................................................
. fontspec info: "defining-font"
. 
. Font family 'Raleway-ExtraLight(1)' created for font 'Raleway-ExtraLight'
. with options [Path = fonts/raleway/].
. 
. This font family consists of the following shapes:
. 
. * 'normal' with NFSS spec.:
. <->"[fonts/raleway/Raleway-ExtraLight]/ICU:script=latn;language=DFLT;"
. 
. * 'small caps' with NFSS spec.:
. 
. <->"[fonts/raleway/Raleway-ExtraLight]/ICU:script=latn;language=DFLT;+smcp;"
.................................................
\g_fontspec_family_Lato-Hai_int=\count148
.................................................
. fontspec info: "defining-font"
. 
. Font family 'Lato-Hai(0)' created for font 'Lato-Hai' with options [Path =
. fonts/lato/].
. 
. This font family consists of the following shapes:
. 
. * 'normal' with NFSS spec.:
. <->"[fonts/lato/Lato-Hai]/ICU:script=latn;language=DFLT;"
.................................................
.................................................
. fontspec info: "defining-font"
. 
. Font family 'Lato-Lig(1)' created for font 'Lato-Lig' with options [Path =
. fonts/lato/].
. 
. This font family consists of the following shapes:
. 
. * 'normal' with NFSS spec.:
. <->"[fonts/lato/Lato-Lig]/ICU:script=latn;language=DFLT;"
.................................................
\g_fontspec_family_Raleway-Medium_int=\count149
.................................................
. fontspec info: "defining-font"
. 
. Font family 'Raleway-Medium(0)' created for font 'Raleway-Medium' with
. options [Path = fonts/raleway/].
. 
. This font family consists of the following shapes:
. 
. * 'normal' with NFSS spec.:
. <->"[fonts/raleway/Raleway-Medium]/ICU:script=latn;language=DFLT;"
. 
. * 'small caps' with NFSS spec.:
. <->"[fonts/raleway/Raleway-Medium]/ICU:script=latn;language=DFLT;+smcp;"
.................................................
LaTeX Font Info:    Calculating math sizes for size <11> on input line 14.

LaTeX Font Warning: Font shape `OML/cmm/m/it' in size <5.5> not available
(Font)              size <5> substituted on input line 14.


LaTeX Font Warning: Font shape `OMS/cmsy/m/n' in size <5.5> not available
(Font)              size <5> substituted on input line 14.

LaTeX Font Info:    External font `cmex10' loaded for size
(Font)              <11> on input line 14.
LaTeX Font Info:    External font `cmex10' loaded for size
(Font)              <7.69997> on input line 14.
LaTeX Font Info:    External font `cmex10' loaded for size
(Font)              <5.5> on input line 14.

LaTeX Font Warning: Font shape `OT1/cmr/m/n' in size <5.5> not available
(Font)              size <5> substituted on input line 14.

File: photo.png Graphic file (type QTm)
<use  "photo.png" >

LaTeX Font Warning: Font shape `EU1/Lato-Lig(0)/m/sc' undefined
(Font)              using `EU1/Lato-Lig(0)/m/n' instead on input line 28.

.................................................
. fontspec info: "defining-font"
. 
. Font family 'Lato-Lig(1)' created for font 'Lato-Lig' with options [Path =
. fonts/lato/].
. 
. This font family consists of the following shapes:
.................................................

LaTeX Font Warning: Font shape `EU1/Lato-Lig(1)/m/sc' undefined
(Font)              using `EU1/Lato-Lig(1)/m/n' instead on input line 28.

("C:\Program Files (x86)\MiKTeX 2.9\tex\generic\oberdiek\se-ascii-print.def"
File: se-ascii-print.def 2011/12/02 v1.10 stringenc: Printable ASCII characters
)
\g_fontspec_family_Lato-Bol_int=\count150
.................................................
. fontspec info: "defining-font"
. 
. Font family 'Lato-Bol(0)' created for font 'Lato-Bol' with options [Path =
. fonts/lato/].
. 
. This font family consists of the following shapes:
. 
. * 'normal' with NFSS spec.:
. <->"[fonts/lato/Lato-Bol]/ICU:script=latn;language=DFLT;"
.................................................


LaTeX Font Warning: Font shape `EU1/Lato-Bol(0)/bx/n' undefined
(Font)              using `EU1/Lato-Bol(0)/m/n' instead on input line 30.


Package hyperref Warning: Token not allowed in a PDF string (Unicode):
(hyperref)                removing `\\' on input line 30.

! Undefined control sequence.
\\->\let \reserved@e 
                     \relax \let \reserved@f \relax \@ifstar {\let \reserved...
l.30 ...{SSSUP Sant'Anna \& \\Università di Pisa}
                                                  
The control sequence at the end of the top line
of your error message was never \def'ed. If you have
misspelled it (e.g., `\hobx'), type `I' and the correct
spelling (e.g., `I\hbox'). Otherwise just continue,
and I'll forget about whatever was undefined.

! Argument of \ttl@assign@i has an extra }.
<inserted text> 
                \par 
l.30 ...{SSSUP Sant'Anna \& \\Università di Pisa}
                                                  
I've run across a `}' that doesn't seem to match anything.
For example, `\def\a#1{...}' and `\a}' would produce
this error. If you simply proceed now, the `\par' that
I've just inserted will cause me to report a runaway
argument that might be the root of the problem. But if
your `}' was spurious, just type `2' and it will go away.

Runaway argument?
\def \reserved@b {\@xnewline }\futurelet \@let@token \@ifnch Universi\ETC.
! Paragraph ended before \ttl@assign@i was complete.
<to be read again> 
                   \par 
l.30 ...{SSSUP Sant'Anna \& \\Università di Pisa}
                                                  
I suspect you've forgotten a `}', causing me to apply this
control sequence to too much text. How can we recover?
My plan is to forget the whole thing and hope for the best.

.................................................
. fontspec info: "defining-font"
. 
. Font family 'Raleway-Medium(0)' created for font 'Raleway-Medium' with
. options [Path = fonts/raleway/].
. 
. This font family consists of the following shapes:
.................................................
.................................................
. fontspec info: "defining-font"
. 
. Font family 'Raleway-Medium(0)' created for font 'Raleway-Medium' with
. options [Path = fonts/raleway/].
. 
. This font family consists of the following shapes:
.................................................
.................................................
. fontspec info: "defining-font"
. 
. Font family 'Lato-Bol(0)' created for font 'Lato-Bol' with options [Path =
. fonts/lato/].
. 
. This font family consists of the following shapes:
.................................................
.................................................
. fontspec info: "defining-font"
. 
. Font family 'Raleway-Medium(0)' created for font 'Raleway-Medium' with
. options [Path = fonts/raleway/].
. 
. This font family consists of the following shapes:
.................................................
.................................................
. fontspec info: "defining-font"
. 
. Font family 'Raleway-Medium(0)' created for font 'Raleway-Medium' with
. options [Path = fonts/raleway/].
. 
. This font family consists of the following shapes:
.................................................
.................................................
. fontspec info: "defining-font"
. 
. Font family 'Raleway-Medium(0)' created for font 'Raleway-Medium' with
. options [Path = fonts/raleway/].
. 
. This font family consists of the following shapes:
.................................................
.................................................
. fontspec info: "defining-font"
. 
. Font family 'Lato-Bol(0)' created for font 'Lato-Bol' with options [Path =
. fonts/lato/].
. 
. This font family consists of the following shapes:
.................................................
.................................................
. fontspec info: "defining-font"
. 
. Font family 'Raleway-Medium(0)' created for font 'Raleway-Medium' with
. options [Path = fonts/raleway/].
. 
. This font family consists of the following shapes:
.................................................
.................................................
. fontspec info: "defining-font"
. 
. Font family 'Raleway-Medium(0)' created for font 'Raleway-Medium' with
. options [Path = fonts/raleway/].
. 
. This font family consists of the following shapes:
.................................................
.................................................
. fontspec info: "defining-font"
. 
. Font family 'Raleway-Medium(0)' created for font 'Raleway-Medium' with
. options [Path = fonts/raleway/].
. 
. This font family consists of the following shapes:
.................................................
.................................................
. fontspec info: "defining-font"
. 
. Font family 'Lato-Lig(1)' created for font 'Lato-Lig' with options [Path =
. fonts/lato/].
. 
. This font family consists of the following shapes:
.................................................
.................................................
. fontspec info: "defining-font"
. 
. Font family 'Lato-Bol(0)' created for font 'Lato-Bol' with options [Path =
. fonts/lato/].
. 
. This font family consists of the following shapes:
.................................................
.................................................
. fontspec info: "defining-font"
. 
. Font family 'Raleway-Medium(0)' created for font 'Raleway-Medium' with
. options [Path = fonts/raleway/].
. 
. This font family consists of the following shapes:
.................................................
.................................................
. fontspec info: "defining-font"
. 
. Font family 'Lato-Bol(0)' created for font 'Lato-Bol' with options [Path =
. fonts/lato/].
. 
. This font family consists of the following shapes:
.................................................
.................................................
. fontspec info: "defining-font"
. 
. Font family 'Raleway-Medium(0)' created for font 'Raleway-Medium' with
. options [Path = fonts/raleway/].
. 
. This font family consists of the following shapes:
.................................................
.................................................
. fontspec info: "defining-font"
. 
. Font family 'Lato-Bol(0)' created for font 'Lato-Bol' with options [Path =
. fonts/lato/].
. 
. This font family consists of the following shapes:
.................................................
.................................................
. fontspec info: "defining-font"
. 
. Font family 'Raleway-Medium(0)' created for font 'Raleway-Medium' with
. options [Path = fonts/raleway/].
. 
. This font family consists of the following shapes:
.................................................
.................................................
. fontspec info: "defining-font"
. 
. Font family 'Lato-Lig(1)' created for font 'Lato-Lig' with options [Path =
. fonts/lato/].
. 
. This font family consists of the following shapes:
.................................................
LaTeX Font Info:    External font `cmex10' loaded for size
(Font)              <7> on input line 80.
LaTeX Font Info:    External font `cmex10' loaded for size
(Font)              <5> on input line 80.
.................................................
. fontspec info: "defining-font"
. 
. Font family 'Lato-Lig(1)' created for font 'Lato-Lig' with options [Path =
. fonts/lato/].
. 
. This font family consists of the following shapes:
.................................................
.................................................
. fontspec info: "defining-font"
. 
. Font family 'Lato-Lig(1)' created for font 'Lato-Lig' with options [Path =
. fonts/lato/].
. 
. This font family consists of the following shapes:
.................................................
.................................................
. fontspec info: "defining-font"
. 
. Font family 'Lato-Bol(0)' created for font 'Lato-Bol' with options [Path =
. fonts/lato/].
. 
. This font family consists of the following shapes:
.................................................
.................................................
. fontspec info: "defining-font"
. 
. Font family 'Raleway-Medium(0)' created for font 'Raleway-Medium' with
. options [Path = fonts/raleway/].
. 
. This font family consists of the following shapes:
.................................................
.................................................
. fontspec info: "defining-font"
. 
. Font family 'Raleway-Medium(0)' created for font 'Raleway-Medium' with
. options [Path = fonts/raleway/].
. 
. This font family consists of the following shapes:
.................................................
.................................................
. fontspec info: "defining-font"
. 
. Font family 'Lato-Bol(0)' created for font 'Lato-Bol' with options [Path =
. fonts/lato/].
. 
. This font family consists of the following shapes:
.................................................
.................................................
. fontspec info: "defining-font"
. 
. Font family 'Raleway-Medium(0)' created for font 'Raleway-Medium' with
. options [Path = fonts/raleway/].
. 
. This font family consists of the following shapes:
.................................................
.................................................
. fontspec info: "defining-font"
. 
. Font family 'Raleway-Medium(0)' created for font 'Raleway-Medium' with
. options [Path = fonts/raleway/].
. 
. This font family consists of the following shapes:
.................................................
.................................................
. fontspec info: "defining-font"
. 
. Font family 'Lato-Bol(0)' created for font 'Lato-Bol' with options [Path =
. fonts/lato/].
. 
. This font family consists of the following shapes:
.................................................
.................................................
. fontspec info: "defining-font"
. 
. Font family 'Raleway-Medium(0)' created for font 'Raleway-Medium' with
. options [Path = fonts/raleway/].
. 
. This font family consists of the following shapes:
.................................................
.................................................
. fontspec info: "defining-font"
. 
. Font family 'Raleway-Medium(0)' created for font 'Raleway-Medium' with
. options [Path = fonts/raleway/].
. 
. This font family consists of the following shapes:
.................................................
.................................................
. fontspec info: "defining-font"
. 
. Font family 'Lato-Bol(0)' created for font 'Lato-Bol' with options [Path =
. fonts/lato/].
. 
. This font family consists of the following shapes:
.................................................
.................................................
. fontspec info: "defining-font"
. 
. Font family 'Raleway-Medium(0)' created for font 'Raleway-Medium' with
. options [Path = fonts/raleway/].
. 
. This font family consists of the following shapes:
.................................................
.................................................
. fontspec info: "defining-font"
. 
. Font family 'Raleway-Medium(0)' created for font 'Raleway-Medium' with
. options [Path = fonts/raleway/].
. 
. This font family consists of the following shapes:
.................................................
.................................................
. fontspec info: "defining-font"
. 
. Font family 'Lato-Bol(0)' created for font 'Lato-Bol' with options [Path =
. fonts/lato/].
. 
. This font family consists of the following shapes:
.................................................
.................................................
. fontspec info: "defining-font"
. 
. Font family 'Raleway-Medium(0)' created for font 'Raleway-Medium' with
. options [Path = fonts/raleway/].
. 
. This font family consists of the following shapes:
.................................................
.................................................
. fontspec info: "defining-font"
. 
. Font family 'Raleway-Medium(0)' created for font 'Raleway-Medium' with
. options [Path = fonts/raleway/].
. 
. This font family consists of the following shapes:
.................................................
.................................................
. fontspec info: "defining-font"
. 
. Font family 'Lato-Bol(0)' created for font 'Lato-Bol' with options [Path =
. fonts/lato/].
. 
. This font family consists of the following shapes:
.................................................
.................................................
. fontspec info: "defining-font"
. 
. Font family 'Raleway-Medium(0)' created for font 'Raleway-Medium' with
. options [Path = fonts/raleway/].
. 
. This font family consists of the following shapes:
.................................................
.................................................
. fontspec info: "defining-font"
. 
. Font family 'Raleway-Medium(0)' created for font 'Raleway-Medium' with
. options [Path = fonts/raleway/].
. 
. This font family consists of the following shapes:
.................................................
.................................................
. fontspec info: "defining-font"
. 
. Font family 'Lato-Bol(0)' created for font 'Lato-Bol' with options [Path =
. fonts/lato/].
. 
. This font family consists of the following shapes:
.................................................
.................................................
. fontspec info: "defining-font"
. 
. Font family 'Raleway-Medium(0)' created for font 'Raleway-Medium' with
. options [Path = fonts/raleway/].
. 
. This font family consists of the following shapes:
.................................................
.................................................
. fontspec info: "defining-font"
. 
. Font family 'Raleway-Medium(0)' created for font 'Raleway-Medium' with
. options [Path = fonts/raleway/].
. 
. This font family consists of the following shapes:
.................................................
.................................................
. fontspec info: "defining-font"
. 
. Font family 'Lato-Bol(0)' created for font 'Lato-Bol' with options [Path =
. fonts/lato/].
. 
. This font family consists of the following shapes:
.................................................
.................................................
. fontspec info: "defining-font"
. 
. Font family 'Raleway-Medium(0)' created for font 'Raleway-Medium' with
. options [Path = fonts/raleway/].
. 
. This font family consists of the following shapes:
.................................................
.................................................
. fontspec info: "defining-font"
. 
. Font family 'Raleway-Medium(0)' created for font 'Raleway-Medium' with
. options [Path = fonts/raleway/].
. 
. This font family consists of the following shapes:
.................................................
.................................................
. fontspec info: "defining-font"
. 
. Font family 'Lato-Lig(1)' created for font 'Lato-Lig' with options [Path =
. fonts/lato/].
. 
. This font family consists of the following shapes:
.................................................

Overfull \hbox (10.75992pt too wide) in paragraph at lines 221--228
[][]  
 []

Package atveryend Info: Empty hook `BeforeClearDocument' on input line 255.
[1

]
Package atveryend Info: Empty hook `AfterLastShipout' on input line 255.
 (C:\Users\Stefano\Documents\GitHub\CurriculumSF\cv_12.aux)
Package atveryend Info: Empty hook `AtVeryEndDocument' on input line 255.
Package atveryend Info: Empty hook `AtEndAfterFileList' on input line 255.


LaTeX Font Warning: Size substitutions with differences
(Font)              up to 0.5pt have occurred.


LaTeX Font Warning: Some font shapes were not available, defaults substituted.

Package atveryend Info: Empty hook `AtVeryVeryEnd' on input line 255.
 ) 
Here is how much of TeX's memory you used:
 21658 strings out of 429025
 397573 string characters out of 3166798
 467634 words of memory out of 3000000
 24769 multiletter control sequences out of 15000+200000
 6132 words of font info for 59 fonts, out of 3000000 for 9000
 912 hyphenation exceptions out of 8191
 53i,8n,92p,10357b,502s stack positions out of 5000i,500n,10000p,200000b,50000s

Output written on cv_12.pdf (1 page).
